<?xml version="1.0" encoding="UTF-8"?>
<testng-results ignored="0" total="1" passed="1" failed="0" skipped="0">
  <reporter-output>
  </reporter-output>
  <suite started-at="2025-02-06T22:55:47 IST" name="Default suite" finished-at="2025-02-06T22:55:53 IST" duration-ms="5954">
    <groups>
    </groups>
    <test started-at="2025-02-06T22:55:47 IST" name="Default test" finished-at="2025-02-06T22:55:53 IST" duration-ms="5954">
      <class name="com.fest.TechFest">
        <test-method signature="event()[pri:0, instance:com.fest.TechFest@7c7b252e]" started-at="2025-02-06T22:55:48 IST" name="event" finished-at="2025-02-06T22:55:53 IST" duration-ms="5895" status="PASS">
          <reporter-output>
          </reporter-output>
        </test-method> <!-- event -->
      </class> <!-- com.fest.TechFest -->
    </test> <!-- Default test -->
  </suite> <!-- Default suite -->
</testng-results>
